<?xml version="1.0" encoding="UTF-8"?>
<!-- Generated by org.testng.reporters.JUnitReportReporter -->
<testsuite hostname="DESKTOP-I5JEI3M" failures="0" tests="3" name="test.RegisterPagetest" time="50.736" errors="0" timestamp="2024-06-27T10:59:09 IST" skipped="0">
  <testcase classname="test.RegisterPagetest" name="verifyUserRegistration" time="12.482"/>
  <testcase classname="test.RegisterPagetest" name="verifyUserRegistration" time="24.807"/>
  <testcase classname="test.RegisterPagetest" name="verifyUserRegistration" time="13.447"/>
</testsuite> <!-- test.RegisterPagetest -->
