<?xml version="1.0" encoding="UTF-8"?>
<!-- Generated by org.testng.reporters.JUnitReportReporter -->
<testsuite hostname="DESKTOP-I5JEI3M" failures="0" tests="1" name="org.teztGCommands.SeleniumPractice" time="29.834" errors="0" timestamp="2024-06-25T15:20:55 IST" skipped="0">
  <testcase classname="org.teztGCommands.SeleniumPractice" name="roleselection" time="29.834"/>
</testsuite> <!-- org.teztGCommands.SeleniumPractice -->
