<?xml version="1.0" encoding="UTF-8"?>
<!-- Generated by org.testng.reporters.JUnitReportReporter -->
<testsuite hostname="DESKTOP-I5JEI3M" failures="0" tests="1" name="org.teztGCommands.Commands" time="18.923" errors="0" timestamp="2024-07-25T13:27:17 IST" skipped="0">
  <testcase classname="org.teztGCommands.Commands" name="verifydynamicWebTable" time="18.923"/>
</testsuite> <!-- org.teztGCommands.Commands -->
